<?xml version="1.0" encoding="UTF-8"?>
<robot generator="Robot 6.0.2 (Python 3.9.7 on win32)" generated="20230331 16:43:26.155" rpa="false" schemaversion="3">
<suite id="s1" name="UserStory2" source="C:\Users\shaky\PycharmProjects\oppenheimerProject\TestCases\UserStory2.robot">
<kw name="Connect To Database" library="DatabaseLibrary" type="SETUP">
<arg>pymysql</arg>
<arg>${DB_NAME}</arg>
<arg>${DB_USER}</arg>
<arg>${DB_PASSWORD}</arg>
<arg>${DB_HOST}</arg>
<arg>${DB_PORT}</arg>
<doc>Loads the DB API 2.0 module given `dbapiModuleName` then uses it to
connect to the database using `dbName`, `dbUsername`, and `dbPassword`.</doc>
<msg timestamp="20230331 16:43:26.562" level="INFO">Connecting using : pymysql.connect(db=mydb, user=root, passwd=root, host=127.0.0.1, port=3306, charset=None) </msg>
<status status="PASS" starttime="20230331 16:43:26.538" endtime="20230331 16:43:26.568"/>
</kw>
<test id="s1-t1" name="TC 01: Insert List into Database via API" line="22">
<kw name="Create Dictionary" library="BuiltIn">
<var>${headers}</var>
<arg>Content-Type=application/json</arg>
<doc>Creates and returns a dictionary based on the given ``items``.</doc>
<msg timestamp="20230331 16:43:26.569" level="INFO">${headers} = {'Content-Type': 'application/json'}</msg>
<status status="PASS" starttime="20230331 16:43:26.569" endtime="20230331 16:43:26.569"/>
</kw>
<kw name="Create List" library="BuiltIn">
<var>${data}</var>
<arg>${EMPTY}</arg>
<doc>Returns a list containing given items.</doc>
<msg timestamp="20230331 16:43:26.570" level="INFO">${data} = ['']</msg>
<status status="PASS" starttime="20230331 16:43:26.570" endtime="20230331 16:43:26.571"/>
</kw>
<kw name="Create Dictionary" library="BuiltIn">
<var>${object1}</var>
<arg>natid=104</arg>
<arg>name=John Doe</arg>
<arg>gender=M</arg>
<arg>salary=7000</arg>
<arg>birthday=05101975</arg>
<arg>tax=3000</arg>
<doc>Creates and returns a dictionary based on the given ``items``.</doc>
<msg timestamp="20230331 16:43:26.571" level="INFO">${object1} = {'natid': '104', 'name': 'John Doe', 'gender': 'M', 'salary': '7000', 'birthday': '05101975', 'tax': '3000'}</msg>
<status status="PASS" starttime="20230331 16:43:26.571" endtime="20230331 16:43:26.571"/>
</kw>
<kw name="Create Dictionary" library="BuiltIn">
<var>${object2}</var>
<arg>natid=105</arg>
<arg>name=John Silva</arg>
<arg>gender=M</arg>
<arg>salary=7000</arg>
<arg>birthday=05101976</arg>
<arg>tax=3000</arg>
<doc>Creates and returns a dictionary based on the given ``items``.</doc>
<msg timestamp="20230331 16:43:26.572" level="INFO">${object2} = {'natid': '105', 'name': 'John Silva', 'gender': 'M', 'salary': '7000', 'birthday': '05101976', 'tax': '3000'}</msg>
<status status="PASS" starttime="20230331 16:43:26.572" endtime="20230331 16:43:26.572"/>
</kw>
<kw name="Append To List" library="Collections">
<arg>${data}</arg>
<arg>${object1}</arg>
<doc>Adds ``values`` to the end of ``list``.</doc>
<status status="PASS" starttime="20230331 16:43:26.573" endtime="20230331 16:43:26.573"/>
</kw>
<kw name="Append To List" library="Collections">
<arg>${data}</arg>
<arg>${object2}</arg>
<doc>Adds ``values`` to the end of ``list``.</doc>
<status status="PASS" starttime="20230331 16:43:26.573" endtime="20230331 16:43:26.573"/>
</kw>
<kw name="Create Session" library="RequestsLibrary">
<arg>my_session</arg>
<arg>${API_URL}</arg>
<doc>Create Session: create a HTTP session to a server</doc>
<msg timestamp="20230331 16:43:26.574" level="INFO">Creating Session using : alias=my_session, url=http://localhost:8080/calculator/insertMultiple, headers={},                     cookies={}, auth=None, timeout=None, proxies=None, verify=False,                     debug=0 </msg>
<status status="PASS" starttime="20230331 16:43:26.574" endtime="20230331 16:43:26.574"/>
</kw>
<kw name="POST On Session" library="RequestsLibrary">
<var>${response}</var>
<arg>my_session</arg>
<arg>url=${API_URL}</arg>
<arg>json=${data}</arg>
<arg>headers=${headers}</arg>
<doc>Sends a POST request on a previously created HTTP Session.</doc>
<msg timestamp="20230331 16:43:26.615" level="INFO">POST Request : url=http://localhost:8080/calculator/insertMultiple 
 path_url=/calculator/insertMultiple 
 headers={'User-Agent': 'python-requests/2.26.0', 'Accept-Encoding': 'gzip, deflate', 'Accept': '*/*', 'Connection': 'keep-alive', 'Content-Type': 'application/json', 'Content-Length': '226'} 
 body=b'["", {"natid": "104", "name": "John Doe", "gender": "M", "salary": "7000", "birthday": "05101975", "tax": "3000"}, {"natid": "105", "name": "John Silva", "gender": "M", "salary": "7000", "birthday": "05101976", "tax": "3000"}]' 
 </msg>
<msg timestamp="20230331 16:43:26.615" level="INFO">POST Response : url=http://localhost:8080/calculator/insertMultiple 
 status=400, reason= 
 headers={'Content-Type': 'application/json;charset=UTF-8', 'Transfer-Encoding': 'chunked', 'Date': 'Fri, 31 Mar 2023 11:13:26 GMT', 'Connection': 'close'} 
 body={"timestamp":"2023-03-31T11:13:26.611+0000","status":400,"error":"Bad Request","message":"JSON parse error: Cannot construct instance of `com.govtech.sampleservice.service.dtos.WorkingClassHeroDto` (although at least one Creator exists): no String-argument constructor/factory method to deserialize from String value (''); nested exception is com.fasterxml.jackson.databind.exc.MismatchedInputException: Cannot construct instance of `com.govtech.sampleservice.service.dtos.WorkingClassHeroDto` (although at least one Creator exists): no String-argument constructor/factory method to deserialize from String value ('')\n at [Source: (PushbackInputStream); line: 1, column: 2] (through reference chain: java.util.ArrayList[0])","path":"/calculator/insertMultiple"} 
 </msg>
<msg timestamp="20230331 16:43:26.615" level="FAIL">HTTPError: 400 Client Error:  for url: http://localhost:8080/calculator/insertMultiple</msg>
<status status="FAIL" starttime="20230331 16:43:26.574" endtime="20230331 16:43:26.630"/>
</kw>
<kw name="Log into console">
<arg>${response.content}</arg>
<status status="NOT RUN" starttime="20230331 16:43:26.644" endtime="20230331 16:43:26.644"/>
</kw>
<status status="FAIL" starttime="20230331 16:43:26.568" endtime="20230331 16:43:26.645">HTTPError: 400 Client Error:  for url: http://localhost:8080/calculator/insertMultiple</status>
</test>
<kw name="Disconnect From Database" library="DatabaseLibrary" type="TEARDOWN">
<doc>Disconnects from the database.</doc>
<msg timestamp="20230331 16:43:26.647" level="INFO">Executing : Disconnect From Database</msg>
<status status="PASS" starttime="20230331 16:43:26.647" endtime="20230331 16:43:26.650"/>
</kw>
<status status="FAIL" starttime="20230331 16:43:26.159" endtime="20230331 16:43:26.650"/>
</suite>
<statistics>
<total>
<stat pass="0" fail="1" skip="0">All Tests</stat>
</total>
<tag>
</tag>
<suite>
<stat pass="0" fail="1" skip="0" id="s1" name="UserStory2">UserStory2</stat>
</suite>
</statistics>
<errors>
</errors>
</robot>
