<?xml version="1.0" encoding="UTF-8"?>
<robot generator="Robot 6.0.2 (Python 3.9.7 on win32)" generated="20230329 22:56:05.453" rpa="false" schemaversion="3">
<suite id="s1" name="UserStory4" source="C:\Users\shaky\PycharmProjects\oppenheimerProject\TestCases\UserStory4.robot">
<test id="s1-t1" name="TC 01: Return list of working class hero with tax relief" line="9">
<kw name="Create Session" library="RequestsLibrary">
<arg>taxReliefSession</arg>
<arg>${base_url}</arg>
<doc>Create Session: create a HTTP session to a server</doc>
<msg timestamp="20230329 22:56:05.846" level="INFO">Creating Session using : alias=taxReliefSession, url=http://localhost:8080, headers={},                     cookies={}, auth=None, timeout=None, proxies=None, verify=False,                     debug=0 </msg>
<status status="PASS" starttime="20230329 22:56:05.845" endtime="20230329 22:56:05.846"/>
</kw>
<kw name="GET On Session" library="RequestsLibrary">
<var>${response}</var>
<arg>taxReliefSession</arg>
<arg>/calculator/taxRelief</arg>
<doc>Sends a GET request on a previously created HTTP Session.</doc>
<msg timestamp="20230329 22:56:05.887" level="INFO">GET Request : url=http://localhost:8080/calculator/taxRelief 
 path_url=/calculator/taxRelief 
 headers={'User-Agent': 'python-requests/2.26.0', 'Accept-Encoding': 'gzip, deflate', 'Accept': '*/*', 'Connection': 'keep-alive'} 
 body=None 
 </msg>
<msg timestamp="20230329 22:56:05.888" level="INFO">GET Response : url=http://localhost:8080/calculator/taxRelief 
 status=200, reason= 
 headers={'Content-Type': 'application/json;charset=UTF-8', 'Transfer-Encoding': 'chunked', 'Date': 'Wed, 29 Mar 2023 17:26:05 GMT'} 
 body=[] 
 </msg>
<msg timestamp="20230329 22:56:05.888" level="INFO">${response} = &lt;Response [200]&gt;</msg>
<status status="PASS" starttime="20230329 22:56:05.847" endtime="20230329 22:56:05.888"/>
</kw>
<kw name="Log To Console" library="BuiltIn">
<arg>${response.status_code}</arg>
<doc>Logs the given message to the console.</doc>
<status status="PASS" starttime="20230329 22:56:05.888" endtime="20230329 22:56:05.890"/>
</kw>
<kw name="Log To Console" library="BuiltIn">
<arg>${response.content}</arg>
<doc>Logs the given message to the console.</doc>
<status status="PASS" starttime="20230329 22:56:05.891" endtime="20230329 22:56:05.892"/>
</kw>
<kw name="Convert To String" library="BuiltIn">
<var>${status_code}</var>
<arg>${response.status_code}</arg>
<doc>Converts the given item to a Unicode string.</doc>
<msg timestamp="20230329 22:56:05.893" level="INFO">${status_code} = 200</msg>
<status status="PASS" starttime="20230329 22:56:05.892" endtime="20230329 22:56:05.893"/>
</kw>
<kw name="Should Be Equal" library="BuiltIn">
<arg>${status_code}</arg>
<arg>200</arg>
<doc>Fails if the given objects are unequal.</doc>
<status status="PASS" starttime="20230329 22:56:05.893" endtime="20230329 22:56:05.893"/>
</kw>
<status status="PASS" starttime="20230329 22:56:05.844" endtime="20230329 22:56:05.894"/>
</test>
<status status="PASS" starttime="20230329 22:56:05.457" endtime="20230329 22:56:05.895"/>
</suite>
<statistics>
<total>
<stat pass="1" fail="0" skip="0">All Tests</stat>
</total>
<tag>
</tag>
<suite>
<stat pass="1" fail="0" skip="0" id="s1" name="UserStory4">UserStory4</stat>
</suite>
</statistics>
<errors>
</errors>
</robot>
